<?xml version="1.0" encoding="UTF-8"?>
<testng-results skipped="0" failed="0" ignored="0" total="2" passed="2">
  <reporter-output>
  </reporter-output>
  <suite name="Suite" duration-ms="19009" started-at="2019-05-05T13:10:55Z" finished-at="2019-05-05T13:11:14Z">
    <groups>
    </groups>
    <test name="Test" duration-ms="19009" started-at="2019-05-05T13:10:55Z" finished-at="2019-05-05T13:11:14Z">
      <class name="FileUpload.FileUpload">
        <test-method status="PASS" signature="f()[pri:0, instance:FileUpload.FileUpload@5afa04c]" name="f" duration-ms="18974" started-at="2019-05-05T18:40:55Z" finished-at="2019-05-05T18:41:14Z">
          <reporter-output>
          </reporter-output>
        </test-method> <!-- f -->
      </class> <!-- FileUpload.FileUpload -->
    </test> <!-- Test -->
  </suite> <!-- Suite -->
  <suite name="Suite (0)" duration-ms="11236" started-at="2019-05-05T13:11:14Z" finished-at="2019-05-05T13:11:25Z">
    <groups>
    </groups>
    <test name="Test" duration-ms="11236" started-at="2019-05-05T13:11:14Z" finished-at="2019-05-05T13:11:25Z">
      <class name="Screenshot.Screenshot">
        <test-method status="PASS" signature="f()[pri:0, instance:Screenshot.Screenshot@100fc185]" name="f" duration-ms="11236" started-at="2019-05-05T18:41:14Z" finished-at="2019-05-05T18:41:25Z">
          <reporter-output>
          </reporter-output>
        </test-method> <!-- f -->
      </class> <!-- Screenshot.Screenshot -->
    </test> <!-- Test -->
  </suite> <!-- Suite (0) -->
</testng-results>
